<?xml version="1.0" encoding="UTF-8"?>
<robot generator="Robot 3.2.1 (Python 3.7.0 on win32)" generated="20230830 15:43:27.534" rpa="false">
<suite id="s1" name="Tc6 Formulaire Contact" source="d:\AutomationExercice_VS\suite_de_test\formulaire de contact\tc6_formulaire_contact.robot">
<test id="s1-t1" name="Formulaire contact">
<kw name="Lancer le navigateur" library="Fuction_Global">
<kw name="Open Browser" library="Selenium2Library">
<doc>Opens a new browser instance to the given ``url``.</doc>
<arguments>
<arg>about:blank</arg>
<arg>gc</arg>
</arguments>
<msg timestamp="20230830 15:43:28.225" level="INFO">Opening browser 'gc' to base url 'about:blank'.</msg>
<status status="PASS" starttime="20230830 15:43:28.225" endtime="20230830 15:43:31.762"></status>
</kw>
<kw name="Maximize Browser Window" library="Selenium2Library">
<doc>Maximizes current browser window.</doc>
<status status="PASS" starttime="20230830 15:43:31.763" endtime="20230830 15:43:32.186"></status>
</kw>
<status status="PASS" starttime="20230830 15:43:28.224" endtime="20230830 15:43:32.188"></status>
</kw>
<kw name="Accédez à l'URL 'http://automationexercise.com'" library="Fuction_Global">
<kw name="Go To" library="Selenium2Library">
<doc>Navigates the active browser instance to the provided ``url``.</doc>
<arguments>
<arg>${url_site}</arg>
</arguments>
<msg timestamp="20230830 15:43:32.199" level="INFO">Opening url 'http://automationexercise.com'</msg>
<status status="PASS" starttime="20230830 15:43:32.198" endtime="20230830 15:43:36.428"></status>
</kw>
<status status="PASS" starttime="20230830 15:43:32.196" endtime="20230830 15:43:36.429"></status>
</kw>
<kw name="Vérifiez que la page d'accueil est visible avec succès" library="Fuction_Global">
<kw name="Wait Until Element Is Visible" library="Selenium2Library">
<doc>Waits until element ``locator`` is visible.</doc>
<arguments>
<arg>${bouton_inscrire_seconnecter}</arg>
<arg>30</arg>
</arguments>
<status status="PASS" starttime="20230830 15:43:36.431" endtime="20230830 15:43:36.511"></status>
</kw>
<status status="PASS" starttime="20230830 15:43:36.430" endtime="20230830 15:43:36.511"></status>
</kw>
<kw name="Cliquez sur le bouton « Contactez-nous »" library="Function_Formulaire_contact">
<kw name="Click Link" library="Selenium2Library">
<doc>Clicks a link identified by ``locator``.</doc>
<arguments>
<arg>${bouton_contacter_nous_xpth}</arg>
</arguments>
<msg timestamp="20230830 15:43:36.514" level="INFO">Clicking link '//a[@href="/contact_us"]'.</msg>
<status status="PASS" starttime="20230830 15:43:36.513" endtime="20230830 15:43:37.767"></status>
</kw>
<status status="PASS" starttime="20230830 15:43:36.512" endtime="20230830 15:43:37.769"></status>
</kw>
<kw name="Vérifiez que « GET IN TOUCH » est visible" library="Function_Formulaire_contact">
<kw name="Element Should Be Visible" library="Selenium2Library">
<doc>Verifies that the element identified by ``locator`` is visible.</doc>
<arguments>
<arg>${visibilite_GET_IN_TOUCH}</arg>
</arguments>
<msg timestamp="20230830 15:43:37.824" level="INFO">Element '(//h2[@class="title text-center"])[1]' is displayed.</msg>
<status status="PASS" starttime="20230830 15:43:37.775" endtime="20230830 15:43:37.825"></status>
</kw>
<status status="PASS" starttime="20230830 15:43:37.773" endtime="20230830 15:43:37.826"></status>
</kw>
<status status="PASS" starttime="20230830 15:43:28.220" endtime="20230830 15:43:37.827" critical="yes"></status>
</test>
<status status="PASS" starttime="20230830 15:43:27.565" endtime="20230830 15:43:37.831"></status>
</suite>
<statistics>
<total>
<stat pass="1" fail="0">Critical Tests</stat>
<stat pass="1" fail="0">All Tests</stat>
</total>
<tag>
</tag>
<suite>
<stat pass="1" fail="0" id="s1" name="Tc6 Formulaire Contact">Tc6 Formulaire Contact</stat>
</suite>
</statistics>
<errors>
</errors>
</robot>
