<?xml version="1.0" encoding="UTF-8"?>
<robot generator="Robot 3.2.1 (Python 3.7.0 on win32)" generated="20230831 10:46:57.031" rpa="false">
<suite id="s1" name="Tc6 Formulaire Contact" source="d:\AutomationExercice_VS\suite_de_test\formulaire de contact\tc6_formulaire_contact.robot">
<test id="s1-t1" name="Formulaire contact">
<kw name="Lancer le navigateur" library="Fuction_Global">
<kw name="Open Browser" library="Selenium2Library">
<doc>Opens a new browser instance to the given ``url``.</doc>
<arguments>
<arg>about:blank</arg>
<arg>gc</arg>
</arguments>
<msg timestamp="20230831 10:46:57.698" level="INFO">Opening browser 'gc' to base url 'about:blank'.</msg>
<status status="PASS" starttime="20230831 10:46:57.697" endtime="20230831 10:47:01.123"></status>
</kw>
<kw name="Maximize Browser Window" library="Selenium2Library">
<doc>Maximizes current browser window.</doc>
<status status="PASS" starttime="20230831 10:47:01.124" endtime="20230831 10:47:01.379"></status>
</kw>
<status status="PASS" starttime="20230831 10:46:57.696" endtime="20230831 10:47:01.380"></status>
</kw>
<kw name="Accédez à l'URL 'http://automationexercise.com'" library="Fuction_Global">
<kw name="Go To" library="Selenium2Library">
<doc>Navigates the active browser instance to the provided ``url``.</doc>
<arguments>
<arg>${url_site}</arg>
</arguments>
<msg timestamp="20230831 10:47:01.400" level="INFO">Opening url 'http://automationexercise.com'</msg>
<status status="PASS" starttime="20230831 10:47:01.398" endtime="20230831 10:47:05.358"></status>
</kw>
<status status="PASS" starttime="20230831 10:47:01.396" endtime="20230831 10:47:05.359"></status>
</kw>
<kw name="Vérifiez que la page d'accueil est visible avec succès" library="Fuction_Global">
<kw name="Wait Until Element Is Visible" library="Selenium2Library">
<doc>Waits until element ``locator`` is visible.</doc>
<arguments>
<arg>${bouton_inscrire_seconnecter}</arg>
<arg>30</arg>
</arguments>
<status status="PASS" starttime="20230831 10:47:05.362" endtime="20230831 10:47:05.439"></status>
</kw>
<status status="PASS" starttime="20230831 10:47:05.360" endtime="20230831 10:47:05.439"></status>
</kw>
<kw name="Cliquez sur le bouton « Contactez-nous »" library="Function_Formulaire_contact">
<kw name="Click Link" library="Selenium2Library">
<doc>Clicks a link identified by ``locator``.</doc>
<arguments>
<arg>${bouton_contacter_nous_xpth}</arg>
</arguments>
<msg timestamp="20230831 10:47:05.442" level="INFO">Clicking link '//a[@href="/contact_us"]'.</msg>
<status status="PASS" starttime="20230831 10:47:05.441" endtime="20230831 10:47:06.670"></status>
</kw>
<status status="PASS" starttime="20230831 10:47:05.440" endtime="20230831 10:47:06.670"></status>
</kw>
<kw name="Vérifiez que « GET IN TOUCH » est visible" library="Function_Formulaire_contact">
<kw name="Element Should Be Visible" library="Selenium2Library">
<doc>Verifies that the element identified by ``locator`` is visible.</doc>
<arguments>
<arg>${visibilite_GET_IN_TOUCH}</arg>
</arguments>
<msg timestamp="20230831 10:47:06.727" level="INFO">Element '(//h2[@class="title text-center"])[1]' is displayed.</msg>
<status status="PASS" starttime="20230831 10:47:06.673" endtime="20230831 10:47:06.727"></status>
</kw>
<status status="PASS" starttime="20230831 10:47:06.672" endtime="20230831 10:47:06.727"></status>
</kw>
<kw name=" Entrez le nom, l'e-mail, le sujet et le message" library="Function_Formulaire_contact">
<kw name="Input Text" library="Selenium2Library">
<doc>Types the given ``text`` into text field identified by ``locator``.</doc>
<arguments>
<arg>${name_contacter_nous_xpth}</arg>
<arg>daoud</arg>
</arguments>
<msg timestamp="20230831 10:47:06.736" level="INFO">Typing text 'daoud' into text field '//input[@name="name"]'.</msg>
<status status="PASS" starttime="20230831 10:47:06.734" endtime="20230831 10:47:06.944"></status>
</kw>
<kw name="Input Text" library="Selenium2Library">
<doc>Types the given ``text`` into text field identified by ``locator``.</doc>
<arguments>
<arg>${email_contacter_nous_xpath}</arg>
<arg>daoud@gmail.compte</arg>
</arguments>
<msg timestamp="20230831 10:47:06.950" level="INFO">Typing text 'daoud@gmail.compte' into text field '//input[@name="email"]'.</msg>
<status status="PASS" starttime="20230831 10:47:06.945" endtime="20230831 10:47:07.139"></status>
</kw>
<kw name="Input Text" library="Selenium2Library">
<doc>Types the given ``text`` into text field identified by ``locator``.</doc>
<arguments>
<arg>${subject_contacter_nous_xpth}</arg>
<arg>testnom</arg>
</arguments>
<msg timestamp="20230831 10:47:07.140" level="INFO">Typing text 'testnom' into text field '//input[@name="subject"]'.</msg>
<status status="PASS" starttime="20230831 10:47:07.140" endtime="20230831 10:47:07.298"></status>
</kw>
<kw name="Input Text" library="Selenium2Library">
<doc>Types the given ``text`` into text field identified by ``locator``.</doc>
<arguments>
<arg>${message_contacter_nous_xpath}</arg>
<arg>zzzzzzzzzzzzzzzzzzzzzzz</arg>
</arguments>
<msg timestamp="20230831 10:47:07.300" level="INFO">Typing text 'zzzzzzzzzzzzzzzzzzzzzzz' into text field '//textarea[@id="message"]'.</msg>
<status status="PASS" starttime="20230831 10:47:07.299" endtime="20230831 10:47:07.487"></status>
</kw>
<status status="PASS" starttime="20230831 10:47:06.728" endtime="20230831 10:47:07.488"></status>
</kw>
<kw name="Téléchargez le fichier" library="Function_Formulaire_contact">
<kw name="Click Element" library="Selenium2Library">
<doc>Click element identified by ``locator``.</doc>
<arguments>
<arg>${//*[@id="contact-us-form"]/div[5]/input}</arg>
</arguments>
<msg timestamp="20230831 10:47:07.492" level="FAIL">Resolving variable '${//*[@id="contact-us-form"]/div[5]/input}' failed: SyntaxError: invalid syntax (&lt;string&gt;, line 1)</msg>
<status status="FAIL" starttime="20230831 10:47:07.491" endtime="20230831 10:47:07.501"></status>
</kw>
<status status="FAIL" starttime="20230831 10:47:07.489" endtime="20230831 10:47:07.502"></status>
</kw>
<status status="FAIL" starttime="20230831 10:46:57.693" endtime="20230831 10:47:07.504" critical="yes">Resolving variable '${//*[@id="contact-us-form"]/div[5]/input}' failed: SyntaxError: invalid syntax (&lt;string&gt;, line 1)</status>
</test>
<status status="FAIL" starttime="20230831 10:46:57.058" endtime="20230831 10:47:07.508"></status>
</suite>
<statistics>
<total>
<stat pass="0" fail="1">Critical Tests</stat>
<stat pass="0" fail="1">All Tests</stat>
</total>
<tag>
</tag>
<suite>
<stat pass="0" fail="1" id="s1" name="Tc6 Formulaire Contact">Tc6 Formulaire Contact</stat>
</suite>
</statistics>
<errors>
</errors>
</robot>
