<?xml version="1.0" encoding="UTF-8"?>
<robot generator="Robot 3.2.1 (Python 3.7.0 on win32)" generated="20230831 10:07:49.808" rpa="false">
<suite id="s1" name="TC6 Formulaire contact" source="D:\AutomationExercice_VS\Suite_de_test\Formulaire de contact\TC6_Formulaire_contact.robot">
<test id="s1-t1" name="Formulaire contact">
<kw name="Lancer le navigateur" library="Fuction_Global">
<kw name="Open Browser" library="Selenium2Library">
<doc>Opens a new browser instance to the given ``url``.</doc>
<arguments>
<arg>about:blank</arg>
<arg>gc</arg>
</arguments>
<msg timestamp="20230831 10:07:50.433" level="INFO">Opening browser 'gc' to base url 'about:blank'.</msg>
<status status="PASS" starttime="20230831 10:07:50.432" endtime="20230831 10:07:53.533"></status>
</kw>
<kw name="Maximize Browser Window" library="Selenium2Library">
<doc>Maximizes current browser window.</doc>
<status status="PASS" starttime="20230831 10:07:53.533" endtime="20230831 10:07:53.733"></status>
</kw>
<status status="PASS" starttime="20230831 10:07:50.431" endtime="20230831 10:07:53.734"></status>
</kw>
<kw name="Accédez à l'URL 'http://automationexercise.com'" library="Fuction_Global">
<kw name="Go To" library="Selenium2Library">
<doc>Navigates the active browser instance to the provided ``url``.</doc>
<arguments>
<arg>${url_site}</arg>
</arguments>
<msg timestamp="20230831 10:07:53.752" level="INFO">Opening url 'http://automationexercise.com'</msg>
<status status="PASS" starttime="20230831 10:07:53.750" endtime="20230831 10:07:58.845"></status>
</kw>
<status status="PASS" starttime="20230831 10:07:53.749" endtime="20230831 10:07:58.845"></status>
</kw>
<kw name="Vérifiez que la page d'accueil est visible avec succès" library="Fuction_Global">
<kw name="Wait Until Element Is Visible" library="Selenium2Library">
<doc>Waits until element ``locator`` is visible.</doc>
<arguments>
<arg>${bouton_inscrire_seconnecter}</arg>
<arg>30</arg>
</arguments>
<status status="PASS" starttime="20230831 10:07:58.848" endtime="20230831 10:07:58.915"></status>
</kw>
<status status="PASS" starttime="20230831 10:07:58.847" endtime="20230831 10:07:58.915"></status>
</kw>
<kw name="Cliquez sur le bouton « Contactez-nous »" library="Function_Formulaire_contact">
<kw name="Click Link" library="Selenium2Library">
<doc>Clicks a link identified by ``locator``.</doc>
<arguments>
<arg>${bouton_contacter_nous_xpth}</arg>
</arguments>
<msg timestamp="20230831 10:07:58.919" level="INFO">Clicking link '//a[@href="/contact_us"]'.</msg>
<status status="PASS" starttime="20230831 10:07:58.918" endtime="20230831 10:07:59.907"></status>
</kw>
<status status="PASS" starttime="20230831 10:07:58.916" endtime="20230831 10:07:59.908"></status>
</kw>
<kw name="Vérifiez que « GET IN TOUCH » est visible" library="Function_Formulaire_contact">
<kw name="Element Should Be Visible" library="Selenium2Library">
<doc>Verifies that the element identified by ``locator`` is visible.</doc>
<arguments>
<arg>${visibilite_GET_IN_TOUCH}</arg>
</arguments>
<msg timestamp="20230831 10:07:59.958" level="INFO">Element '(//h2[@class="title text-center"])[1]' is displayed.</msg>
<status status="PASS" starttime="20230831 10:07:59.909" endtime="20230831 10:07:59.958"></status>
</kw>
<status status="PASS" starttime="20230831 10:07:59.908" endtime="20230831 10:07:59.958"></status>
</kw>
<kw name=" Entrez le nom, l'e-mail, le sujet et le message" library="Function_Formulaire_contact">
<kw name="Input Text" library="Selenium2Library">
<doc>Types the given ``text`` into text field identified by ``locator``.</doc>
<arguments>
<arg>${name_contacter_nous_xpth}</arg>
<arg>daoud</arg>
</arguments>
<msg timestamp="20230831 10:07:59.960" level="INFO">Typing text 'daoud' into text field '//input[@name="name"]'.</msg>
<status status="PASS" starttime="20230831 10:07:59.959" endtime="20230831 10:08:00.134"></status>
</kw>
<kw name="Input Text" library="Selenium2Library">
<doc>Types the given ``text`` into text field identified by ``locator``.</doc>
<arguments>
<arg>${email_contacter_nous_xpath}</arg>
<arg>daoud@gmail.compte</arg>
</arguments>
<msg timestamp="20230831 10:08:00.136" level="INFO">Typing text 'daoud@gmail.compte' into text field '//input[@name="email"]'.</msg>
<status status="PASS" starttime="20230831 10:08:00.135" endtime="20230831 10:08:00.312"></status>
</kw>
<kw name="Input Text" library="Selenium2Library">
<doc>Types the given ``text`` into text field identified by ``locator``.</doc>
<arguments>
<arg>${subject_contacter_nous_xpth}</arg>
<arg>testnom</arg>
</arguments>
<msg timestamp="20230831 10:08:00.313" level="INFO">Typing text 'testnom' into text field '//input[@name="subject"]'.</msg>
<status status="PASS" starttime="20230831 10:08:00.312" endtime="20230831 10:08:00.455"></status>
</kw>
<kw name="Input Text" library="Selenium2Library">
<doc>Types the given ``text`` into text field identified by ``locator``.</doc>
<arguments>
<arg>${message_contacter_nous_xpath}</arg>
<arg>zzzzzzzzzzzzzzzzzzzzzzz</arg>
</arguments>
<msg timestamp="20230831 10:08:00.456" level="INFO">Typing text 'zzzzzzzzzzzzzzzzzzzzzzz' into text field '//textarea[@id="message"]'.</msg>
<status status="PASS" starttime="20230831 10:08:00.456" endtime="20230831 10:08:00.616"></status>
</kw>
<status status="PASS" starttime="20230831 10:07:59.959" endtime="20230831 10:08:00.617"></status>
</kw>
<status status="PASS" starttime="20230831 10:07:50.429" endtime="20230831 10:08:00.619" critical="yes"></status>
</test>
<status status="PASS" starttime="20230831 10:07:49.822" endtime="20230831 10:08:00.621"></status>
</suite>
<statistics>
<total>
<stat pass="1" fail="0">Critical Tests</stat>
<stat pass="1" fail="0">All Tests</stat>
</total>
<tag>
</tag>
<suite>
<stat pass="1" fail="0" id="s1" name="TC6 Formulaire contact">TC6 Formulaire contact</stat>
</suite>
</statistics>
<errors>
</errors>
</robot>
